20:38:26.334 [main] INFO  com.intuit.karate.Runner - using system property 'karate.options': --tags @proyecto
20:38:29.050 [main] DEBUG com.intuit.karate.Suite - [config] classpath:karate-config.js
20:38:29.067 [main] DEBUG com.intuit.karate.Suite - waiting for 3 features to complete
20:38:31.639 [pool-1-thread-1] INFO  com.intuit.karate - karate.env system property was: null 
20:38:32.736 [pool-1-thread-1] DEBUG com.intuit.karate - request:
1 > POST https://api.clockify.me/api/v1/workspaces/633f5b7689bf9c24493ee39d/time-entries
1 > X-Api-Key: ZDg1ZGMxNzAtYzEwZi00Y2QyLTgzMzUtMjU5MzNmYmIxZGY1
1 > Content-type: application/json; charset=UTF-8
1 > Content-Length: 355
1 > Host: api.clockify.me
1 > Connection: Keep-Alive
1 > User-Agent: Apache-HttpClient/4.5.13 (Java/14.0.2)
1 > Accept-Encoding: gzip,deflate
{"description":"MasEntry","tagIds":null,"userId":"633f5b7689bf9c24493ee39b","billable":false,"taskId":null,"projectId":"633f68a76480480640550da7","timeInterval":{"start":"2022-10-18T12:20:00Z","end":"2022-10-18T110:20:00Z","duration":"PT2H"},"workspaceId":"633f5b7689bf9c24493ee39d","isLocked":false,"customFieldValues":[],"type":"REGULAR","kioskId":null}

20:38:34.652 [pool-1-thread-1] DEBUG com.intuit.karate - response time in milliseconds: 1898
1 < 201
1 < Date: Tue, 25 Oct 2022 23:38:34 GMT
1 < Content-Type: application/json
1 < Content-Length: 366
1 < Connection: keep-alive
1 < Cache-Control: no-cache, no-store, max-age=0, must-revalidate
1 < Expected-Client-Version: 1.0.0
1 < Expires: 0
1 < Pragma: no-cache
1 < Vary: Origin
1 < Vary: Access-Control-Request-Method
1 < Vary: Access-Control-Request-Headers
1 < X-Auth-Checksum: 39dc108d841bd63fe16c1efbaa7c25979d6595a4783e291862809f3936940976
1 < X-Content-Type-Options: nosniff
1 < X-Frame-Options: DENY
1 < X-Xss-Protection: 1; mode=block
{"id":"6358737a6ae22e2fae5468c9","description":"MasEntry","tagIds":null,"userId":"633f5b7689bf9c24493ee39b","billable":false,"taskId":null,"projectId":"633f68a76480480640550da7","timeInterval":{"start":"2022-10-25T23:38:34Z","end":null,"duration":null},"workspaceId":"633f5b7689bf9c24493ee39d","isLocked":false,"customFieldValues":[],"type":"REGULAR","kioskId":null}

20:38:39.899 [pool-1-thread-1] DEBUG com.intuit.karate - request:
2 > DELETE https://api.clockify.me/api/v1/workspaces/633f5b7689bf9c24493ee39d/time-entries/6358737a6ae22e2fae5468c9
2 > X-Api-Key: ZDg1ZGMxNzAtYzEwZi00Y2QyLTgzMzUtMjU5MzNmYmIxZGY1
2 > Content-type: application/json
2 > Host: api.clockify.me
2 > Connection: Keep-Alive
2 > User-Agent: Apache-HttpClient/4.5.13 (Java/14.0.2)
2 > Accept-Encoding: gzip,deflate


20:38:40.977 [pool-1-thread-1] DEBUG com.intuit.karate - response time in milliseconds: 1075
2 < 204
2 < Date: Tue, 25 Oct 2022 23:38:41 GMT
2 < Connection: keep-alive
2 < Cache-Control: no-cache, no-store, max-age=0, must-revalidate
2 < Expected-Client-Version: 1.0.0
2 < Expires: 0
2 < Pragma: no-cache
2 < Vary: Origin
2 < Vary: Access-Control-Request-Method
2 < Vary: Access-Control-Request-Headers
2 < X-Auth-Checksum: 39dc108d841bd63fe16c1efbaa7c25979d6595a4783e291862809f3936940976
2 < X-Content-Type-Options: nosniff
2 < X-Frame-Options: DENY
2 < X-Xss-Protection: 1; mode=block


20:38:43.069 [pool-2-thread-1] INFO  com.intuit.karate.Suite - <<pass>> feature 1 of 3 (2 remaining) classpath:examples/users/clockify.feature
